[diabetes-permanent-cure.netlify.app/index.html]
[backblue.gif]
[fade.gif]
[index.html]
[cdn.jsdelivr.net/npm/bootstrap@4.5.3/dist/css/bootstrap.min.css]
[maxcdn.bootstrapcdn.com/font-awesome/4.5.0/css/font-awesome.min.css]
[diabetes-permanent-cure.netlify.app/boblives.css]
[code.jquery.com/jquery-3.5.1.min.js]
[cdn.jsdelivr.net/npm/bootstrap@4.5.3/dist/js/bootstrap.min.js]
[diabetes-permanent-cure.netlify.app/index-2.html]
[diabetes-permanent-cure.netlify.app/img/logos.7.delayed]
[diabetes-permanent-cure.netlify.app/blog.8.delayed]
[diabetes-permanent-cure.netlify.app/about.9.delayed]
[diabetes-permanent-cure.netlify.app/img/compli.jpg]
[diabetes-permanent-cure.netlify.app/img/comp.jpg]
[diabetes-permanent-cure.netlify.app/img/whatsapp.png]
[diabetes-permanent-cure.netlify.app/img/bp1.d.delayed]
[diabetes-permanent-cure.netlify.app/img/bp2.e.delayed]
[diabetes-permanent-cure.netlify.app/img/tfake.jpg]
[diabetes-permanent-cure.netlify.app/img/police.png]
[diabetes-permanent-cure.netlify.app/img/haruna.jpg]
[diabetes-permanent-cure.netlify.app/img/fornow.jpg]
[diabetes-permanent-cure.netlify.app/img/punch.png]
[diabetes-permanent-cure.netlify.app/img/sample.14.delayed]
[diabetes-permanent-cure.netlify.app/blogr.16.delayed]
[diabetes-permanent-cure.netlify.app/blogc.17.delayed]
[diabetes-permanent-cure.netlify.app/blogd.18.delayed]
[diabetes-permanent-cure.netlify.app/blogf.19.delayed]
[diabetes-permanent-cure.netlify.app/img/stamp.1a.delayed]
[diabetes-permanent-cure.netlify.app/index.html]
[www.googletagmanager.com/gtm5445.html]
[cdn.jsdelivr.net/npm/bootstrap@4.5.3/dist/css/bootstrap.min.css]
[maxcdn.bootstrapcdn.com/font-awesome/4.5.0/css/font-awesome.min.css]
[diabetes-permanent-cure.netlify.app/boblives.css]
[diabetes-permanent-cure.netlify.app/index-2.html]
[diabetes-permanent-cure.netlify.app/img/logos.html]
[diabetes-permanent-cure.netlify.app/blog.html]
[diabetes-permanent-cure.netlify.app/about.html]
[diabetes-permanent-cure.netlify.app/img/bp1.html]
[diabetes-permanent-cure.netlify.app/img/bp2.html]
[diabetes-permanent-cure.netlify.app/img/sample.html]
[diabetes-permanent-cure.netlify.app/blogr.html]
[diabetes-permanent-cure.netlify.app/blogc.html]
[diabetes-permanent-cure.netlify.app/blogd.html]
[diabetes-permanent-cure.netlify.app/blogf.html]
[diabetes-permanent-cure.netlify.app/img/stamp.html]
[diabetes-permanent-cure.netlify.app/bloge.html]
[diabetes-permanent-cure.netlify.app/bloge.html]
